<?xml version="1.0" encoding="UTF-8"?>
<!-- Generated by org.testng.reporters.JUnitReportReporter -->
<<<<<<< HEAD
<testsuite hostname="DESKTOP-E0C1CR1" failures="0" tests="2" name="com.harley.ecomm.tests.test_ecom_PlaceOrder" time="135.204" errors="0" timestamp="2022-06-07T10:46:39 IST" skipped="0">
  <testcase classname="com.harley.ecomm.tests.test_ecom_PlaceOrder" name="test_ecom_PlaceOrder" time="71.614"/>
=======
<testsuite hostname="DESKTOP-F26NLEJ" failures="0" tests="1" name="com.harley.ecomm.tests.test_ecom_PlaceOrder" time="78.109" errors="0" timestamp="2022-06-22T15:17:17 IST" skipped="0">
  <testcase classname="com.harley.ecomm.tests.test_ecom_PlaceOrder" name="test_ecom_PlaceOrder" time="78.109"/>
>>>>>>> 7358b40db6512fb6bb99abbb8a35a8d719759347
  <system-out>
    <![CDATA[Clicked onClick in the Username Field
Entered Textnawazq In the Enter Username
Clicked onClick in the Password Field
Entered TextQazi1aqib@ In the Enter Password
Clicked onClick Sign In Button
Clicked onverified cookie is displayed and accpeted it
Clicked onClick on product size
Clicked onClick on Add To Cart Button
Clicked onClick on View Cart Button
Clicked onClick on checkout button
Entered TextSelenium In the Enter First Name
Entered Text3rdJune In the Enter Last Name
Entered Text3700 W Juneau Ave In the Enter Address1
Entered TextMilwaukee In the Enter City
Entered Text53208 In the Enter ZipCode
Entered Text9731014207 In the Enter Phone
Clicked onClick on ContBillingBtn
Clicked onClick on ContBtn
Entered Textqazicse1@gmail.com In the Enter Email
Entered Text4111111111111111 In the Enter CardNo
Entered Text1132 In the Enter CardNo
Entered Text111 In the Enter securityCode
Clicked onClick on Continue Review Btn
Clicked onClick on checkout button]]>
  </system-out>
  <testcase classname="com.harley.ecomm.tests.test_ecom_PlaceOrder" name="test_ecom_PlaceOrder" time="63.590"/>
  <system-out>
    <![CDATA[Clicked onClick in the Username Field
Entered Textnawazq In the Enter Username
Clicked onClick in the Password Field
Entered TextQazi1aqib@ In the Enter Password
Clicked onClick Sign In Button
Clicked on
Clicked onClick on product size
Clicked onClick on Add To Cart Button
Clicked onClick on View Cart Button
Clicked onClick on checkout button
Entered TextSelenium In the Enter First Name
Entered Text3rdJune In the Enter Last Name
Entered Text3700 W Juneau Ave In the Enter Address1
Entered TextMilwaukee In the Enter City
Entered Text53208 In the Enter ZipCode
Entered Text9731014207 In the Enter Phone
Clicked onClick on ContBillingBtn
Clicked onClick on ContBtn
Entered Textqazicse1@gmail.com In the Enter Email
Entered Text4111111111111111 In the Enter CardNo
Entered Text1132 In the Enter CardNo
Entered Text111 In the Enter securityCode
Clicked onClick on Continue Review Btn
Clicked onClick on checkout button]]>
  </system-out>
</testsuite> <!-- com.harley.ecomm.tests.test_ecom_PlaceOrder -->
