<?xml version="1.0" encoding="UTF-8"?>
<!-- Generated by org.testng.reporters.JUnitReportReporter -->
<testsuite hostname="LAPTOP-GK0G2FPI" failures="0" tests="1" name="com.Cleartrip.tests.TestSearchFlight" time="9.538" errors="0" timestamp="2024-01-14T01:01:39 IST" skipped="0">
  <testcase classname="com.Cleartrip.tests.TestSearchFlight" name="searchFlight" time="9.538">
    <system-out>
      <![CDATA[Clicked onClick in the Username Field
Clicked onClick On the OneWay Dropdown
Clicked onClick On the RoundTrip from Dropdown
Clicked onClick On the SelectEconomy from Dropdown
Clicked onClick On the Adults + icon
Clicked onClick On the Children + icon
Clicked onClick On the Infants + icon
Clicked onClick On the SelectEconomy from Dropdown
Clicked onClick on text box
Entered TextGoa In the Enter Source
Clicked onSelect Goa from drop down
Clicked onSelect Text box
Entered TextMumbai In the Enter Destination
Clicked onSelect mumbai from drop down
Clicked onSelect from date
Clicked onSelect from date
Clicked onSelect to date
Clicked onSelect search flight button]]>
    </system-out>
  </testcase> <!-- searchFlight -->
  <system-out>
    <![CDATA[Browser launched successfully 
Application loaded 
Clicked onClick in the Username Field
Clicked onClick On the OneWay Dropdown
Clicked onClick On the RoundTrip from Dropdown
Clicked onClick On the SelectEconomy from Dropdown
Clicked onClick On the Adults + icon
Clicked onClick On the Children + icon
Clicked onClick On the Infants + icon
Clicked onClick On the SelectEconomy from Dropdown
Clicked onClick on text box
Entered TextGoa In the Enter Source
Clicked onSelect Goa from drop down
Clicked onSelect Text box
Entered TextMumbai In the Enter Destination
Clicked onSelect mumbai from drop down
Clicked onSelect from date
Clicked onSelect from date
Clicked onSelect to date
Clicked onSelect search flight button]]>
  </system-out>
</testsuite> <!-- com.Cleartrip.tests.TestSearchFlight -->
