<?xml version="1.0" encoding="UTF-8"?>
<!-- Generated by org.testng.reporters.JUnitReportReporter -->
<testsuite hostname="DESKTOP-F26NLEJ" failures="0" tests="4" name="com.harley.ecomm.tests.parallel" time="22.956" errors="0" timestamp="2022-03-09T20:08:12 IST" skipped="0">
  <testcase classname="com.harley.ecomm.tests.parallel" name="login_MM" time="7.080"/>
  <system-out/>
  <testcase classname="com.harley.ecomm.tests.parallel" name="login_MM" time="8.350"/>
  <system-out/>
  <testcase classname="com.harley.ecomm.tests.parallel" name="login_MM" time="3.078"/>
  <system-out/>
  <testcase classname="com.harley.ecomm.tests.parallel" name="login_MM" time="4.448"/>
  <system-out/>
</testsuite> <!-- com.harley.ecomm.tests.parallel -->
